\BOOKMARK [1][-]{section.1}{Introduction}{}% 1
\BOOKMARK [1][-]{section.2}{Model Specification}{}% 2
\BOOKMARK [2][-]{subsection.2.1}{Concatenation}{section.2}% 3
\BOOKMARK [2][-]{subsection.2.2}{Selection}{section.2}% 4
\BOOKMARK [2][-]{subsection.2.3}{Repetition}{section.2}% 5
\BOOKMARK [1][-]{section.3}{Model Constraints}{}% 6
\BOOKMARK [2][-]{subsection.3.1}{Pattern Specification Constraints}{section.3}% 7
\BOOKMARK [3][-]{subsubsection.3.1.1}{The @Pattern annotation}{subsection.3.1}% 8
\BOOKMARK [3][-]{subsubsection.3.1.2}{The @Value annotation}{subsection.3.1}% 9
\BOOKMARK [2][-]{subsection.3.2}{Delimiter Constraints}{section.3}% 10
\BOOKMARK [3][-]{subsubsection.3.2.1}{The @Prefix annotation}{subsection.3.2}% 11
\BOOKMARK [3][-]{subsubsection.3.2.2}{The @Suffix annotation}{subsection.3.2}% 12
\BOOKMARK [3][-]{subsubsection.3.2.3}{The @Separator annotation}{subsection.3.2}% 13
\BOOKMARK [2][-]{subsection.3.3}{Cardinality Constraints}{section.3}% 14
\BOOKMARK [3][-]{subsubsection.3.3.1}{The @Optional annotation}{subsection.3.3}% 15
\BOOKMARK [3][-]{subsubsection.3.3.2}{The @Minimum annotation}{subsection.3.3}% 16
\BOOKMARK [3][-]{subsubsection.3.3.3}{The @Maximum annotation}{subsection.3.3}% 17
\BOOKMARK [2][-]{subsection.3.4}{Evaluation Order Constraints}{section.3}% 18
\BOOKMARK [3][-]{subsubsection.3.4.1}{The @Associativity annotation}{subsection.3.4}% 19
\BOOKMARK [3][-]{subsubsection.3.4.2}{The @Composition annotation}{subsection.3.4}% 20
\BOOKMARK [2][-]{subsection.3.5}{Composite Element Order Constraints}{section.3}% 21
\BOOKMARK [3][-]{subsubsection.3.5.1}{The @FreeOrder annotation}{subsection.3.5}% 22
\BOOKMARK [2][-]{subsection.3.6}{Reference Constraints}{section.3}% 23
\BOOKMARK [3][-]{subsubsection.3.6.1}{The @ID annotation}{subsection.3.6}% 24
\BOOKMARK [3][-]{subsubsection.3.6.2}{The @Reference annotation}{subsection.3.6}% 25
\BOOKMARK [2][-]{subsection.3.7}{User defined constraints}{section.3}% 26
\BOOKMARK [3][-]{subsubsection.3.7.1}{The @Constraint annotation}{subsection.3.7}% 27
\BOOKMARK [1][-]{section.4}{Predefined types}{}% 28
\BOOKMARK [1][-]{section.5}{Getting Started on ModelCC}{}% 29
\BOOKMARK [2][-]{subsection.5.1}{Setting up ModelCC}{section.5}% 30
\BOOKMARK [3][-]{subsubsection.5.1.1}{Downloading ModelCC}{subsection.5.1}% 31
\BOOKMARK [3][-]{subsubsection.5.1.2}{Setting up ModelCC in a NetBeans project}{subsection.5.1}% 32
\BOOKMARK [3][-]{subsubsection.5.1.3}{Setting up ModelCC in an Eclipse project}{subsection.5.1}% 33
\BOOKMARK [2][-]{subsection.5.2}{Implementing an example language model}{section.5}% 34
\BOOKMARK [2][-]{subsection.5.3}{Generating and using a parser for the example language model}{section.5}% 35
\BOOKMARK [3][-]{subsubsection.5.3.1}{Reading the model of a language}{subsection.5.3}% 36
\BOOKMARK [3][-]{subsubsection.5.3.2}{Generating a parser from the language model}{subsection.5.3}% 37
\BOOKMARK [3][-]{subsubsection.5.3.3}{Using the parser}{subsection.5.3}% 38
\BOOKMARK [3][-]{subsubsection.5.3.4}{Full example}{subsection.5.3}% 39
\BOOKMARK [1][-]{section.6}{Examples}{}% 40
\BOOKMARK [2][-]{subsection.6.1}{Simple Arithmetic Expression language}{section.6}% 41
\BOOKMARK [3][-]{subsubsection.6.1.1}{Language Specification}{subsection.6.1}% 42
\BOOKMARK [3][-]{subsubsection.6.1.2}{UML class diagram}{subsection.6.1}% 43
\BOOKMARK [3][-]{subsubsection.6.1.3}{Java class implementation}{subsection.6.1}% 44
\BOOKMARK [2][-]{subsection.6.2}{Canvas Draw language}{section.6}% 45
\BOOKMARK [3][-]{subsubsection.6.2.1}{Language Specification}{subsection.6.2}% 46
\BOOKMARK [2][-]{subsection.6.3}{Imperative Arithmetic language}{section.6}% 47
\BOOKMARK [3][-]{subsubsection.6.3.1}{Language Specification}{subsection.6.3}% 48
